SF:lib\providers\app_state.dart
DA:41,6
DA:42,11
DA:44,14
DA:51,14
DA:52,14
DA:53,0
DA:60,0
DA:62,0
DA:64,0
DA:65,0
DA:66,0
DA:67,0
DA:68,0
DA:70,0
DA:73,0
DA:74,0
DA:79,0
DA:85,1
DA:86,1
DA:102,1
DA:103,2
DA:104,3
DA:105,4
DA:106,1
DA:109,1
DA:110,1
DA:112,0
DA:114,0
DA:115,0
DA:116,0
DA:117,0
DA:119,0
DA:122,1
DA:123,1
DA:124,1
DA:125,1
DA:126,1
DA:129,1
DA:130,1
DA:135,3
DA:136,6
DA:138,3
DA:139,1
DA:140,1
DA:142,1
DA:143,3
DA:146,1
DA:147,1
DA:148,4
DA:149,1
DA:150,1
DA:151,1
DA:152,1
DA:153,1
DA:154,1
DA:155,1
DA:156,1
DA:157,2
DA:158,0
DA:159,1
DA:160,1
DA:161,1
DA:164,1
DA:170,5
DA:171,2
DA:172,2
DA:173,2
DA:176,5
DA:178,6
DA:180,6
DA:182,3
DA:187,1
DA:189,1
DA:190,1
DA:193,2
DA:194,1
DA:195,1
DA:196,1
DA:197,1
DA:198,2
DA:199,4
DA:200,1
DA:201,1
DA:202,1
DA:203,1
DA:204,1
DA:205,1
DA:206,1
DA:207,2
DA:208,0
DA:209,1
DA:211,1
DA:212,1
DA:214,1
DA:217,2
DA:218,1
DA:219,2
DA:220,1
DA:221,1
DA:225,1
DA:230,1
DA:232,1
DA:233,1
DA:234,2
DA:235,1
DA:236,1
DA:238,2
DA:239,2
DA:240,1
DA:242,2
DA:246,0
DA:251,1
DA:253,1
DA:254,1
DA:255,2
DA:256,1
DA:257,1
DA:258,1
DA:260,2
DA:261,2
DA:262,3
DA:263,2
DA:266,0
DA:267,0
DA:273,10
DA:276,18
DA:279,2
DA:284,1
DA:286,2
DA:287,2
DA:288,2
DA:289,1
DA:291,0
DA:298,1
DA:300,1
DA:301,1
DA:302,1
DA:303,1
DA:306,1
DA:307,2
DA:308,1
DA:310,1
DA:315,1
DA:316,2
DA:317,1
DA:322,1
DA:323,1
DA:324,2
DA:325,1
DA:327,1
DA:328,2
DA:329,1
DA:330,1
DA:331,1
DA:332,1
DA:333,1
DA:334,1
DA:335,1
DA:340,1
DA:341,1
DA:343,0
DA:351,1
DA:352,1
DA:353,1
DA:354,1
DA:357,1
DA:358,1
DA:359,1
DA:361,1
DA:362,2
DA:363,2
DA:369,1
DA:371,2
DA:372,2
DA:373,2
DA:376,2
DA:377,1
DA:378,1
DA:382,1
DA:387,2
DA:388,2
DA:389,2
DA:390,2
DA:391,4
DA:392,4
DA:395,4
DA:396,4
DA:397,4
DA:398,4
DA:401,2
DA:402,2
DA:404,2
DA:407,2
DA:409,2
DA:410,2
DA:414,8
DA:417,2
DA:420,10
DA:423,9
DA:426,4
DA:427,20
DA:430,1
DA:431,7
DA:436,2
DA:437,4
DA:438,4
DA:439,2
DA:441,2
DA:443,3
DA:445,0
DA:453,2
DA:454,4
DA:455,2
DA:456,2
DA:458,3
DA:460,0
DA:470,4
DA:476,24
DA:477,8
DA:478,4
DA:480,4
DA:483,4
DA:484,1
DA:485,1
DA:486,2
DA:487,2
DA:489,1
DA:492,9
DA:502,2
DA:512,1
DA:513,4
DA:515,2
DA:516,6
DA:527,2
DA:529,4
DA:531,4
DA:532,1
DA:533,1
DA:534,1
DA:535,2
DA:536,0
DA:537,0
DA:538,0
DA:539,0
DA:542,0
DA:557,2
DA:566,6
DA:567,2
DA:569,4
DA:571,2
DA:584,2
DA:587,6
DA:592,1
DA:598,3
DA:604,2
DA:605,3
DA:606,2
DA:607,1
DA:614,8
DA:617,6
DA:620,3
DA:621,21
DA:625,2
DA:630,5
DA:631,2
DA:632,2
DA:633,3
DA:634,2
DA:639,1
DA:640,2
DA:641,2
DA:642,1
DA:644,1
DA:646,0
DA:648,0
DA:656,1
DA:657,2
DA:658,1
DA:659,1
DA:661,0
DA:663,0
DA:672,1
DA:674,6
DA:677,1
DA:680,0
DA:689,1
DA:691,1
DA:692,1
DA:693,2
DA:694,1
DA:696,0
DA:704,1
DA:706,1
DA:707,1
DA:708,1
DA:709,1
DA:710,2
DA:711,1
DA:712,2
DA:713,2
DA:716,1
DA:718,0
LF:302
LH:263
end_of_record
SF:lib\models\announcement.dart
DA:12,2
DA:20,2
DA:23,4
DA:25,4
DA:26,2
DA:28,1
DA:29,2
DA:31,1
DA:32,1
DA:36,1
DA:39,2
DA:41,2
DA:42,2
DA:69,6
DA:72,1
DA:73,2
DA:76,0
DA:77,0
DA:79,4
DA:92,1
DA:93,2
DA:94,2
DA:96,2
DA:101,1
DA:102,1
DA:103,3
DA:106,1
DA:108,2
DA:111,2
DA:112,4
DA:113,6
DA:114,8
DA:115,8
DA:116,6
DA:117,8
DA:118,8
DA:119,4
LF:37
LH:35
end_of_record
SF:lib\data\sample_events.dart
DA:3,9
DA:5,3
DA:11,3
DA:17,3
DA:23,3
DA:29,3
DA:35,3
DA:41,3
DA:47,3
DA:53,3
DA:59,3
DA:67,3
DA:73,3
DA:79,3
DA:85,3
DA:91,3
DA:97,3
DA:103,3
DA:109,3
DA:115,3
DA:121,3
DA:129,3
DA:135,3
DA:141,3
DA:147,3
DA:153,3
DA:159,3
DA:165,3
DA:171,3
DA:177,3
DA:183,3
DA:192,3
DA:198,3
DA:204,3
DA:210,3
DA:216,3
DA:223,3
DA:229,3
DA:235,3
DA:243,3
DA:249,3
DA:255,3
DA:261,3
DA:269,3
DA:275,3
DA:281,3
DA:287,3
LF:47
LH:47
end_of_record
SF:lib\models\event.dart
DA:13,6
DA:26,2
DA:27,24
LF:3
LH:3
end_of_record
SF:lib\models\committee_member.dart
DA:6,2
DA:12,1
DA:13,1
DA:14,1
DA:15,1
DA:16,1
DA:20,1
DA:21,4
LF:8
LH:8
end_of_record
SF:lib\models\society.dart
DA:42,2
DA:43,2
DA:44,2
DA:45,2
DA:46,2
DA:47,2
DA:52,9
DA:60,0
DA:67,1
DA:74,1
DA:75,1
DA:76,1
DA:77,1
DA:78,1
DA:79,1
LF:15
LH:14
end_of_record
SF:lib\services\society_service.dart
DA:9,15
DA:13,2
DA:14,2
DA:20,1
DA:22,1
DA:23,1
DA:24,1
DA:25,3
DA:26,1
DA:27,1
DA:28,1
DA:29,1
DA:30,1
DA:31,1
DA:33,1
DA:35,0
DA:36,0
DA:46,2
DA:48,2
DA:49,2
DA:50,4
DA:51,4
DA:54,2
DA:57,0
DA:68,2
DA:70,2
DA:71,2
DA:72,4
DA:73,2
DA:75,0
DA:85,2
DA:87,2
DA:88,2
DA:89,2
DA:90,2
DA:91,8
DA:93,0
DA:94,0
LF:38
LH:32
end_of_record
SF:lib\services\auth_service.dart
DA:13,1
DA:15,1
DA:21,3
DA:31,2
DA:33,2
DA:34,2
DA:39,6
DA:47,1
DA:48,1
DA:57,2
DA:59,2
DA:61,6
LF:12
LH:12
end_of_record
SF:lib\screens\contact_info_screen.dart
DA:16,2
DA:18,1
DA:19,1
DA:25,1
DA:27,1
DA:28,2
DA:29,3
DA:34,0
DA:35,0
DA:36,0
DA:37,0
DA:38,0
DA:41,0
DA:42,0
DA:46,0
DA:47,0
DA:48,0
DA:49,0
DA:50,0
DA:51,0
DA:52,0
DA:53,0
DA:54,0
DA:56,0
DA:59,0
DA:65,0
DA:66,0
DA:67,0
DA:68,0
DA:71,0
DA:72,0
DA:76,0
DA:77,0
DA:78,0
DA:79,0
DA:80,0
DA:81,0
DA:82,0
DA:83,0
DA:84,0
DA:86,0
DA:89,0
DA:95,0
DA:96,0
DA:97,0
DA:101,0
DA:102,0
DA:103,0
DA:104,0
DA:105,0
DA:106,0
DA:107,0
DA:108,0
DA:109,0
DA:111,0
DA:114,0
DA:118,1
DA:120,1
DA:121,1
DA:122,1
DA:125,1
DA:126,1
DA:128,1
DA:130,1
DA:136,1
DA:137,1
DA:138,2
DA:139,1
DA:140,2
DA:141,1
DA:142,1
DA:144,2
DA:145,2
DA:146,1
DA:148,1
DA:149,1
DA:151,0
DA:152,0
DA:153,0
DA:154,0
DA:159,1
DA:161,0
DA:163,1
DA:165,0
DA:175,1
DA:176,1
DA:177,1
DA:178,1
DA:181,1
DA:182,1
DA:186,1
DA:189,0
DA:205,0
DA:207,0
DA:208,0
DA:216,0
DA:218,0
DA:219,0
DA:220,0
DA:221,0
DA:224,0
DA:226,0
DA:227,0
DA:228,0
DA:229,0
DA:232,0
DA:234,0
DA:235,0
DA:236,0
DA:240,0
DA:241,0
DA:242,0
DA:243,0
DA:244,0
DA:247,0
DA:248,0
DA:251,0
DA:252,0
DA:258,0
DA:259,0
DA:260,0
DA:263,0
DA:264,0
DA:265,0
DA:266,0
DA:267,0
DA:268,0
DA:270,0
LF:128
LH:36
end_of_record
SF:lib\main_tabs.dart
DA:11,1
DA:13,1
DA:14,1
DA:28,1
DA:30,2
DA:31,1
DA:32,3
DA:33,1
DA:34,1
DA:35,1
DA:36,1
DA:37,1
DA:43,1
DA:44,1
DA:45,4
DA:46,1
DA:47,1
LF:17
LH:17
end_of_record
SF:lib\screens\feed_screen.dart
DA:21,0
DA:34,0
DA:56,0
DA:69,0
DA:71,0
DA:72,0
DA:79,0
DA:81,0
DA:82,0
DA:85,0
DA:86,0
DA:87,0
DA:88,0
DA:89,0
DA:90,0
DA:93,0
DA:95,0
DA:97,0
DA:99,0
DA:101,0
DA:103,0
DA:104,0
DA:106,0
DA:107,0
DA:108,0
DA:109,0
DA:114,0
DA:115,0
DA:121,0
DA:122,0
DA:124,0
DA:125,0
DA:127,0
DA:131,0
DA:132,0
DA:135,0
DA:136,0
DA:137,0
DA:138,0
DA:140,0
DA:141,0
DA:143,0
DA:144,0
DA:145,0
DA:147,0
DA:148,0
DA:149,0
DA:153,0
DA:155,0
DA:157,0
DA:159,0
DA:160,0
DA:161,0
DA:163,0
DA:172,0
DA:173,0
DA:175,0
DA:176,0
DA:177,0
DA:182,0
DA:183,0
DA:184,0
DA:186,0
DA:188,0
DA:189,0
DA:192,0
DA:194,0
DA:196,0
DA:197,0
DA:198,0
DA:200,0
DA:210,0
DA:212,0
DA:213,0
DA:214,0
DA:219,0
DA:220,0
DA:221,0
DA:223,0
DA:226,0
DA:233,0
DA:234,0
DA:235,0
DA:238,0
DA:239,0
DA:241,0
DA:243,0
DA:244,0
DA:246,0
DA:247,0
DA:248,0
DA:250,0
DA:252,0
DA:253,0
DA:256,0
DA:257,0
DA:258,0
DA:264,0
DA:265,0
DA:266,0
DA:268,0
DA:274,0
DA:275,0
DA:282,0
DA:283,0
DA:284,0
DA:288,0
DA:289,0
DA:290,0
DA:291,0
DA:292,0
DA:293,0
DA:296,0
DA:301,0
DA:302,0
DA:313,0
DA:314,0
DA:315,0
DA:317,0
DA:318,0
DA:321,0
DA:324,0
DA:343,2
DA:345,2
DA:346,2
DA:351,2
DA:355,0
DA:356,0
DA:358,0
DA:361,0
DA:362,0
DA:363,0
DA:364,0
DA:365,0
DA:367,0
DA:374,0
DA:375,0
DA:376,0
DA:378,0
DA:379,0
DA:385,0
DA:387,0
DA:390,0
DA:394,0
DA:395,0
DA:396,0
DA:397,0
DA:398,0
DA:400,0
DA:401,0
DA:405,0
DA:406,0
DA:408,0
DA:413,2
DA:415,2
DA:416,2
DA:417,2
DA:424,2
DA:425,2
DA:426,2
DA:427,2
DA:428,4
DA:429,2
DA:431,0
DA:432,2
DA:433,2
DA:434,2
DA:436,2
DA:448,0
DA:449,0
DA:451,0
DA:456,0
DA:458,0
DA:459,0
DA:462,0
DA:465,0
DA:468,0
DA:473,0
DA:474,0
DA:475,0
DA:476,0
DA:478,0
DA:479,0
DA:481,0
DA:482,0
DA:485,0
DA:488,0
DA:489,0
DA:492,0
DA:493,0
DA:494,0
DA:501,0
DA:507,0
DA:509,0
DA:510,0
DA:511,0
DA:513,0
DA:516,0
DA:517,0
DA:518,0
DA:521,0
DA:522,0
DA:523,0
DA:525,0
DA:527,0
DA:528,0
DA:529,0
DA:530,0
DA:531,0
DA:535,0
DA:536,0
DA:538,0
DA:541,0
DA:542,0
DA:548,0
DA:549,0
DA:550,0
DA:551,0
DA:552,0
DA:553,0
DA:556,0
DA:557,0
DA:558,0
DA:559,0
DA:560,0
DA:561,0
DA:564,0
DA:568,0
DA:570,0
DA:571,0
DA:575,0
DA:576,0
DA:577,0
DA:578,0
DA:584,0
DA:585,0
DA:586,0
DA:587,0
DA:588,0
DA:590,0
DA:592,0
DA:596,0
DA:597,0
DA:598,0
DA:599,0
DA:601,0
DA:602,0
DA:607,0
DA:608,0
DA:609,0
DA:634,1
DA:636,0
DA:637,0
DA:646,0
DA:648,0
DA:649,0
DA:650,0
DA:651,0
DA:654,0
DA:656,0
DA:658,0
DA:659,0
DA:660,0
DA:661,0
DA:663,0
DA:664,0
DA:665,0
DA:667,0
DA:668,0
DA:674,0
DA:675,0
DA:677,0
DA:678,0
DA:684,0
DA:685,0
DA:689,0
DA:690,0
DA:700,0
DA:701,0
DA:702,0
DA:705,0
DA:706,0
DA:707,0
DA:708,0
DA:709,0
DA:710,0
DA:711,0
DA:712,0
DA:726,0
DA:728,0
DA:729,0
DA:743,0
DA:745,0
DA:746,0
DA:749,0
DA:751,0
DA:752,0
DA:753,0
DA:757,0
DA:758,0
DA:759,0
DA:760,0
DA:761,0
DA:767,0
DA:768,0
DA:770,0
DA:772,0
DA:774,0
DA:775,0
DA:776,0
DA:778,0
DA:780,0
DA:782,0
DA:786,0
DA:787,0
DA:788,0
DA:790,0
DA:791,0
DA:792,0
DA:793,0
DA:798,0
DA:799,0
DA:800,0
DA:805,0
DA:806,0
DA:809,0
DA:811,0
DA:817,0
DA:818,0
DA:821,0
DA:822,0
DA:827,0
DA:828,0
DA:829,0
DA:831,0
DA:835,0
DA:836,0
DA:838,0
DA:840,0
DA:841,0
DA:842,0
DA:843,0
DA:844,0
DA:846,0
DA:854,0
DA:855,0
DA:856,0
DA:857,0
DA:858,0
DA:859,0
DA:864,0
DA:865,0
DA:870,0
DA:872,0
DA:874,0
DA:875,0
DA:876,0
DA:877,0
DA:879,0
DA:880,0
DA:881,0
DA:883,0
DA:884,0
DA:885,0
DA:886,0
DA:887,0
DA:890,0
DA:891,0
DA:893,0
DA:896,0
DA:897,0
DA:899,0
DA:900,0
DA:906,0
DA:907,0
DA:911,0
DA:912,0
DA:919,0
DA:920,0
DA:921,0
DA:925,0
DA:926,0
DA:927,0
DA:932,0
DA:933,0
DA:936,0
DA:938,0
DA:946,0
DA:947,0
DA:948,0
DA:951,0
DA:952,0
LF:392
LH:19
end_of_record
SF:lib\screens\society_browser_screen.dart
DA:13,1
DA:15,2
DA:16,2
DA:26,2
DA:30,2
DA:31,4
DA:32,5
DA:33,2
DA:35,3
DA:36,3
DA:38,1
DA:39,0
DA:41,2
DA:44,2
DA:46,2
DA:47,2
DA:49,2
DA:50,2
DA:54,2
DA:55,2
DA:56,2
DA:57,2
DA:58,2
DA:59,1
DA:60,3
DA:63,2
DA:64,2
DA:66,2
DA:67,3
DA:68,1
DA:69,2
DA:70,1
DA:72,3
DA:74,4
DA:76,2
DA:78,2
DA:80,2
DA:82,2
DA:83,2
DA:85,2
DA:86,0
DA:87,0
DA:90,2
DA:91,2
DA:92,2
DA:93,3
DA:94,0
DA:95,0
DA:105,2
DA:106,2
DA:107,0
DA:108,0
DA:110,2
DA:111,2
DA:113,4
DA:114,2
DA:116,2
DA:117,2
DA:123,2
DA:124,2
DA:125,2
DA:134,1
DA:138,1
DA:139,1
DA:140,1
DA:141,1
DA:142,1
DA:147,1
DA:148,2
DA:149,2
DA:151,0
DA:152,0
DA:154,0
DA:155,0
DA:156,0
DA:180,2
DA:182,2
DA:184,2
DA:186,2
DA:187,2
DA:190,4
DA:194,2
LF:82
LH:70
end_of_record
SF:lib\screens\messages_screen.dart
DA:11,0
DA:13,0
DA:14,0
DA:15,0
DA:16,0
DA:17,0
DA:18,0
DA:19,0
DA:21,0
DA:25,0
DA:26,0
DA:27,0
DA:28,0
DA:31,0
DA:37,0
DA:40,0
DA:41,0
DA:42,0
DA:44,0
DA:46,0
DA:47,0
DA:48,0
DA:49,0
DA:50,0
DA:51,0
DA:53,0
DA:61,1
DA:63,2
DA:65,2
DA:66,2
DA:67,2
DA:68,2
DA:70,2
DA:71,2
DA:78,2
DA:79,2
DA:85,0
DA:86,0
DA:87,0
DA:88,0
DA:89,0
DA:94,0
DA:95,0
DA:98,0
DA:100,0
DA:101,0
DA:102,0
DA:103,0
DA:104,0
DA:109,0
DA:113,0
DA:118,0
DA:120,0
DA:121,0
DA:123,0
DA:125,0
DA:126,0
DA:127,0
DA:128,0
DA:129,0
DA:133,0
DA:135,0
DA:136,0
DA:142,0
DA:143,0
DA:145,0
DA:146,0
DA:147,0
DA:152,0
DA:158,0
DA:159,0
DA:162,0
DA:164,0
DA:166,0
DA:167,0
LF:75
LH:10
end_of_record
SF:lib\screens\saved_events_screen.dart
DA:13,2
DA:15,2
DA:17,2
DA:18,2
DA:25,2
DA:26,2
DA:27,2
DA:32,4
DA:33,6
DA:34,2
DA:38,2
DA:40,4
DA:42,2
DA:46,2
DA:47,2
DA:48,2
DA:49,2
DA:50,4
DA:51,2
DA:54,2
DA:56,2
DA:58,0
DA:59,0
DA:60,0
DA:62,0
DA:63,0
DA:66,0
DA:71,2
DA:73,2
DA:74,2
DA:79,2
DA:87,2
DA:89,4
DA:90,2
DA:92,2
DA:93,2
DA:94,2
DA:100,4
DA:101,2
DA:102,2
DA:109,4
LF:41
LH:35
end_of_record
SF:lib\screens\profile_screen.dart
DA:14,2
DA:16,1
DA:18,1
DA:21,1
DA:30,1
DA:34,0
DA:35,0
DA:38,1
DA:39,2
DA:42,1
DA:43,1
DA:50,1
DA:51,1
DA:52,1
DA:54,1
DA:55,1
DA:57,3
DA:58,1
DA:68,1
DA:76,1
DA:81,1
DA:82,1
DA:85,0
DA:86,0
DA:87,0
DA:88,0
DA:90,0
DA:96,0
DA:104,1
DA:105,1
DA:108,0
DA:109,0
DA:110,0
DA:111,0
DA:113,0
DA:114,0
DA:117,0
DA:118,0
DA:119,0
DA:120,0
DA:123,0
DA:124,0
LF:42
LH:22
end_of_record
SF:lib\screens\committee_sign_in_screen.dart
DA:13,1
DA:15,1
DA:16,1
DA:29,1
DA:31,2
DA:32,2
DA:33,1
DA:38,1
DA:39,3
DA:41,3
DA:42,3
DA:44,2
DA:45,1
DA:46,2
DA:54,2
DA:55,1
DA:56,1
DA:57,2
DA:67,0
DA:69,0
DA:70,0
DA:72,0
DA:74,0
DA:75,0
DA:78,0
DA:79,0
DA:81,0
DA:86,0
DA:87,0
DA:88,0
DA:89,0
DA:94,1
DA:96,1
DA:97,1
DA:100,1
DA:102,0
DA:106,1
DA:116,1
DA:117,1
DA:119,1
DA:120,1
DA:122,1
DA:123,1
DA:124,1
DA:126,1
DA:151,1
DA:152,1
DA:154,1
DA:155,1
DA:160,1
DA:164,1
DA:165,1
DA:174,1
DA:175,1
DA:176,1
DA:177,1
DA:178,1
DA:183,1
DA:187,1
DA:188,1
DA:189,1
DA:193,0
DA:194,0
DA:195,0
DA:199,1
DA:200,1
DA:209,1
DA:211,1
DA:212,1
DA:214,1
DA:215,3
DA:216,1
DA:219,1
DA:228,1
DA:229,1
DA:233,1
DA:237,1
DA:238,1
LF:78
LH:61
end_of_record
SF:lib\widgets\app_bar_logo_action.dart
DA:4,1
DA:8,14
DA:10,14
DA:12,14
DA:13,14
DA:14,14
DA:15,14
DA:16,14
LF:8
LH:8
end_of_record
SF:lib\widgets\auth_logo_header.dart
DA:4,1
DA:9,6
DA:11,6
DA:12,12
DA:13,6
DA:14,6
DA:15,6
DA:16,6
DA:17,6
LF:9
LH:9
end_of_record
SF:lib\widgets\app_gradient_background.dart
DA:4,8
DA:8,8
DA:10,8
DA:18,8
LF:4
LH:4
end_of_record
SF:lib\screens\event_detail_screen.dart
DA:16,0
DA:18,0
DA:19,0
DA:20,0
DA:21,0
DA:22,0
DA:23,0
DA:24,0
DA:28,0
DA:29,0
DA:30,0
DA:31,0
DA:32,0
DA:33,0
DA:34,0
DA:50,1
DA:55,1
DA:57,1
DA:58,1
DA:65,1
DA:67,1
DA:68,3
DA:69,1
DA:74,1
DA:75,6
DA:77,1
DA:78,0
DA:79,0
DA:80,0
DA:81,0
DA:82,0
DA:85,3
DA:92,0
DA:93,0
DA:94,0
DA:98,0
DA:99,0
DA:100,0
DA:101,0
DA:102,0
DA:103,0
DA:106,0
DA:108,0
DA:109,0
DA:110,0
DA:111,0
DA:114,0
DA:115,0
DA:118,0
DA:119,0
DA:120,0
DA:121,0
DA:125,0
DA:128,0
DA:129,0
DA:134,0
DA:135,0
DA:136,0
DA:142,0
DA:143,0
DA:144,0
DA:145,0
DA:147,0
DA:149,0
DA:153,0
DA:154,0
DA:155,0
DA:158,0
DA:160,0
DA:161,0
DA:162,0
DA:163,0
DA:166,0
DA:167,0
DA:168,0
DA:169,0
DA:173,0
DA:174,0
DA:175,0
DA:177,0
DA:182,0
DA:183,0
DA:184,0
DA:189,1
DA:191,2
DA:192,1
DA:193,1
DA:194,2
DA:196,1
DA:197,1
DA:198,2
DA:201,1
DA:202,1
DA:204,1
DA:206,1
DA:207,1
DA:208,1
DA:215,1
DA:216,1
DA:217,1
DA:226,2
DA:228,1
DA:229,4
DA:232,1
DA:233,3
DA:237,1
DA:238,1
DA:241,2
DA:247,1
DA:249,1
DA:253,0
DA:254,0
DA:262,0
DA:268,1
DA:270,1
DA:271,1
DA:272,1
DA:274,2
DA:276,0
DA:282,1
DA:284,1
DA:286,1
DA:289,1
DA:291,0
LF:124
LH:48
end_of_record
SF:lib\utils\society_image_mapper.dart
DA:2,3
DA:3,6
DA:34,3
LF:3
LH:3
end_of_record
SF:lib\screens\member_approval_screen.dart
DA:12,0
DA:13,0
DA:15,0
DA:16,0
DA:20,0
DA:22,0
DA:23,0
DA:27,0
DA:28,0
DA:29,0
DA:30,0
DA:31,0
DA:32,0
DA:33,0
DA:35,0
DA:40,0
DA:44,0
DA:46,0
DA:47,0
DA:48,0
DA:49,0
DA:50,0
DA:52,0
DA:57,0
DA:58,0
DA:59,0
DA:60,0
DA:62,0
DA:64,0
DA:66,0
DA:67,0
DA:68,0
DA:69,0
DA:70,0
DA:72,0
DA:73,0
DA:76,0
DA:81,0
DA:83,0
DA:84,0
LF:40
LH:0
end_of_record
SF:lib\screens\society_chat_screen.dart
DA:17,0
DA:19,0
DA:20,0
DA:27,0
DA:28,0
DA:29,0
DA:31,0
DA:32,0
DA:33,0
DA:34,0
DA:36,0
DA:39,0
DA:40,0
DA:41,0
DA:42,0
DA:43,0
DA:46,0
DA:47,0
DA:50,0
DA:51,0
DA:52,0
DA:53,0
DA:58,0
DA:60,0
DA:61,0
DA:62,0
DA:65,0
DA:67,0
DA:69,0
DA:70,0
DA:71,0
DA:74,0
DA:75,0
DA:76,0
DA:77,0
DA:78,0
DA:79,0
DA:80,0
DA:81,0
DA:82,0
DA:83,0
DA:84,0
DA:85,0
DA:86,0
DA:87,0
DA:90,0
DA:94,0
DA:95,0
DA:101,0
DA:102,0
DA:103,0
DA:104,0
DA:111,0
DA:112,0
DA:114,0
DA:115,0
DA:116,0
DA:117,0
DA:119,0
DA:120,0
DA:121,0
DA:125,0
DA:127,0
DA:131,0
DA:133,0
DA:138,0
DA:142,0
DA:143,0
DA:144,0
DA:146,0
DA:148,0
DA:150,0
DA:153,0
DA:156,0
DA:168,0
DA:170,0
DA:171,0
DA:173,0
DA:181,0
DA:183,0
DA:190,0
DA:192,0
DA:212,0
DA:213,0
DA:214,0
DA:217,0
DA:235,0
DA:237,0
DA:239,0
DA:241,0
DA:243,0
DA:244,0
DA:245,0
DA:247,0
DA:249,0
DA:250,0
DA:251,0
DA:252,0
DA:253,0
DA:254,0
DA:257,0
DA:262,0
DA:263,0
DA:268,0
DA:272,0
DA:273,0
DA:274,0
DA:275,0
LF:108
LH:0
end_of_record
SF:lib\screens\sign_in_screen.dart
DA:14,2
DA:16,4
DA:17,4
DA:36,4
DA:38,4
DA:40,8
DA:43,4
DA:45,8
DA:48,8
DA:50,8
DA:53,8
DA:56,4
DA:58,8
DA:59,8
DA:60,8
DA:61,4
DA:66,0
DA:67,0
DA:69,0
DA:70,0
DA:71,0
DA:72,0
DA:79,0
DA:80,0
DA:81,0
DA:82,0
DA:84,0
DA:85,0
DA:87,0
DA:96,0
DA:97,0
DA:99,0
DA:103,4
DA:105,4
DA:106,4
DA:110,4
DA:111,4
DA:112,4
DA:113,4
DA:114,4
DA:115,4
DA:116,4
DA:117,8
DA:118,8
DA:122,4
DA:123,4
DA:124,4
DA:126,4
DA:128,4
DA:129,4
DA:130,4
DA:132,4
DA:145,4
DA:146,4
DA:148,0
DA:149,0
DA:152,0
DA:157,4
DA:163,4
DA:164,4
DA:165,4
DA:167,0
DA:168,0
DA:169,0
DA:170,0
DA:173,0
DA:174,0
DA:179,8
DA:180,4
DA:181,4
DA:182,4
DA:186,0
DA:187,0
DA:188,0
DA:198,4
DA:200,4
DA:201,4
DA:203,0
DA:204,0
DA:205,0
DA:208,4
DA:223,4
DA:224,0
DA:225,0
DA:229,0
DA:233,0
DA:244,4
DA:245,0
DA:246,0
DA:247,0
DA:248,0
DA:261,4
DA:263,4
DA:268,0
DA:269,0
DA:270,0
DA:271,0
DA:276,4
DA:284,4
DA:285,4
DA:308,4
DA:309,4
DA:313,8
LF:103
LH:60
end_of_record
SF:lib\screens\register_screen.dart
DA:12,2
DA:14,1
DA:15,1
DA:31,1
DA:33,1
DA:34,2
DA:37,1
DA:39,2
DA:42,2
DA:44,2
DA:47,2
DA:50,1
DA:52,2
DA:53,2
DA:54,2
DA:55,2
DA:56,1
DA:61,1
DA:62,3
DA:63,3
DA:65,1
DA:66,3
DA:67,3
DA:68,3
DA:72,1
DA:77,1
DA:78,3
DA:81,1
DA:83,2
DA:91,0
DA:92,0
DA:93,0
DA:95,0
DA:99,0
DA:100,0
DA:102,0
DA:104,0
DA:105,0
DA:106,0
DA:111,1
DA:113,1
DA:114,1
DA:117,1
DA:119,0
DA:127,1
DA:128,1
DA:129,1
DA:130,1
DA:131,1
DA:132,1
DA:135,1
DA:136,2
DA:137,2
DA:141,1
DA:142,1
DA:144,1
DA:146,1
DA:147,1
DA:148,1
DA:150,1
DA:166,1
DA:167,1
DA:168,1
DA:169,1
DA:170,2
DA:173,3
DA:180,1
DA:181,1
DA:182,1
DA:184,1
DA:185,2
DA:188,1
DA:195,1
DA:196,1
DA:197,1
DA:198,2
DA:199,1
DA:200,1
DA:201,1
DA:205,0
DA:206,0
DA:207,0
DA:212,1
DA:213,2
DA:216,2
DA:223,1
DA:225,1
DA:226,1
DA:230,1
DA:231,1
DA:234,1
DA:236,2
DA:237,1
DA:267,1
DA:268,1
DA:272,2
LF:96
LH:82
end_of_record
SF:lib\screens\society_detail_screen.dart
DA:19,1
DA:20,1
DA:22,1
DA:24,1
DA:25,1
DA:26,1
DA:27,2
DA:33,1
DA:34,1
DA:36,1
DA:37,1
DA:38,1
DA:39,1
DA:42,1
DA:44,1
DA:46,1
DA:47,1
DA:48,1
DA:49,1
DA:51,1
DA:54,1
DA:61,1
DA:62,1
DA:64,1
DA:65,3
DA:67,1
DA:68,2
DA:77,3
DA:79,1
DA:80,1
DA:81,1
DA:83,1
DA:84,1
DA:87,0
DA:88,0
DA:90,0
DA:91,0
DA:92,0
DA:97,1
DA:99,0
DA:102,0
DA:103,0
DA:120,1
DA:121,1
DA:122,3
DA:123,1
DA:126,0
DA:127,0
DA:128,0
DA:130,0
DA:131,0
DA:132,0
DA:134,0
DA:135,0
DA:137,0
DA:138,0
DA:140,0
DA:148,0
DA:161,1
DA:162,1
DA:163,1
DA:164,1
DA:165,0
DA:166,0
DA:168,1
DA:169,1
DA:172,0
DA:173,0
DA:174,0
DA:176,0
DA:177,0
DA:178,0
DA:179,0
DA:185,0
DA:194,1
DA:197,0
DA:198,0
DA:201,0
DA:203,0
DA:204,0
DA:205,0
DA:206,0
DA:207,0
DA:209,0
DA:210,0
DA:213,0
DA:215,0
DA:216,0
DA:217,0
DA:218,0
DA:220,0
DA:221,0
DA:222,0
DA:223,0
DA:224,0
DA:225,0
DA:244,1
DA:245,1
DA:246,3
DA:247,1
DA:249,1
DA:251,1
DA:253,1
DA:256,1
DA:257,1
DA:259,0
DA:261,0
DA:266,1
DA:267,1
DA:270,0
DA:271,0
DA:274,0
DA:284,0
DA:285,0
DA:286,0
DA:287,0
DA:290,0
DA:291,0
DA:292,0
DA:299,0
DA:300,0
DA:301,0
DA:302,0
DA:305,0
DA:306,0
DA:307,0
DA:311,1
DA:327,0
DA:328,0
DA:329,0
DA:330,0
DA:331,0
DA:332,0
DA:333,0
DA:336,0
DA:338,0
DA:339,0
DA:340,0
DA:341,0
DA:343,0
DA:344,0
DA:346,0
DA:348,0
DA:349,0
DA:355,0
DA:360,0
DA:367,0
DA:372,0
DA:378,0
DA:383,0
DA:384,0
DA:385,0
DA:386,0
DA:388,0
DA:394,0
DA:395,0
DA:396,0
DA:398,0
DA:399,0
DA:400,0
DA:405,0
DA:410,0
DA:413,0
DA:422,0
DA:423,0
DA:424,0
DA:425,0
DA:427,0
DA:433,0
DA:434,0
DA:435,0
DA:437,0
DA:440,0
DA:441,0
DA:442,0
DA:446,0
DA:447,0
DA:449,0
DA:456,0
DA:457,0
DA:459,0
DA:465,0
DA:466,0
DA:467,0
DA:469,0
DA:472,0
DA:473,0
DA:474,0
DA:478,0
DA:479,0
DA:481,0
DA:493,0
DA:494,0
DA:495,0
DA:498,0
DA:499,0
DA:500,0
DA:502,0
DA:503,0
DA:504,0
DA:505,0
DA:507,0
DA:508,0
DA:509,0
DA:511,0
DA:512,0
DA:516,0
DA:528,0
DA:529,0
DA:530,0
DA:531,0
DA:532,0
DA:533,0
LF:213
LH:57
end_of_record
SF:lib\services\message_service.dart
DA:11,1
DA:14,0
DA:15,0
DA:17,0
DA:18,0
DA:30,1
DA:31,2
DA:33,2
DA:38,0
DA:39,0
DA:41,0
DA:42,0
DA:46,0
DA:47,0
DA:53,1
DA:55,1
DA:56,1
DA:57,2
DA:58,2
DA:61,1
DA:65,3
DA:68,3
DA:69,1
DA:70,1
DA:71,1
DA:72,2
DA:77,0
DA:78,0
DA:79,0
DA:80,0
DA:81,0
LF:31
LH:16
end_of_record
