SF:lib/services/message_service.dart
DA:11,1
DA:14,0
DA:15,0
DA:17,0
DA:18,0
DA:30,1
DA:31,2
DA:33,2
DA:38,0
DA:39,0
DA:41,0
DA:42,0
DA:46,0
DA:47,0
DA:53,1
DA:55,1
DA:56,1
DA:57,2
DA:58,2
DA:61,1
DA:65,3
DA:68,3
DA:69,1
DA:70,1
DA:71,1
DA:72,2
DA:77,0
DA:78,0
DA:79,0
DA:80,0
DA:81,0
LF:31
LH:16
end_of_record
SF:lib/providers/app_state.dart
DA:41,4
DA:42,7
DA:44,9
DA:51,9
DA:52,9
DA:53,0
DA:60,0
DA:62,0
DA:64,0
DA:65,0
DA:66,0
DA:67,0
DA:68,0
DA:70,0
DA:73,0
DA:74,0
DA:79,0
DA:85,1
DA:86,1
DA:102,1
DA:103,2
DA:104,1
DA:105,1
DA:106,1
DA:107,4
DA:108,1
DA:109,1
DA:110,1
DA:111,1
DA:112,1
DA:113,1
DA:115,1
DA:116,1
DA:121,2
DA:122,4
DA:124,2
DA:125,1
DA:126,1
DA:128,1
DA:129,3
DA:132,1
DA:133,1
DA:134,4
DA:135,1
DA:136,1
DA:137,1
DA:138,1
DA:139,1
DA:140,1
DA:141,1
DA:142,1
DA:143,2
DA:144,0
DA:145,1
DA:146,1
DA:147,1
DA:150,1
DA:153,2
DA:154,3
DA:155,5
DA:158,3
DA:160,3
DA:162,2
DA:167,1
DA:169,1
DA:170,1
DA:173,2
DA:174,1
DA:175,1
DA:176,1
DA:177,1
DA:178,2
DA:179,3
DA:180,0
DA:181,0
DA:182,0
DA:183,0
DA:184,0
DA:185,0
DA:186,0
DA:187,0
DA:188,0
DA:189,0
DA:191,0
DA:192,0
DA:194,1
DA:197,1
DA:198,0
DA:199,0
DA:202,1
DA:207,0
DA:209,0
DA:210,0
DA:211,0
DA:212,0
DA:213,0
DA:215,0
DA:216,0
DA:217,0
DA:219,0
DA:223,0
DA:228,0
DA:230,0
DA:231,0
DA:232,0
DA:233,0
DA:234,0
DA:235,0
DA:237,0
DA:238,0
DA:239,0
DA:240,0
DA:243,0
DA:244,0
DA:250,10
DA:253,14
DA:256,2
DA:261,1
DA:263,2
DA:264,2
DA:265,2
DA:266,1
DA:268,0
DA:275,1
DA:277,1
DA:278,1
DA:279,1
DA:280,1
DA:283,1
DA:284,2
DA:285,1
DA:287,1
DA:292,1
DA:293,2
DA:294,1
DA:299,1
DA:300,1
DA:301,2
DA:302,1
DA:304,1
DA:305,2
DA:306,1
DA:307,1
DA:308,1
DA:309,1
DA:310,1
DA:311,1
DA:312,1
DA:317,1
DA:318,1
DA:320,0
DA:328,1
DA:329,1
DA:330,1
DA:331,1
DA:334,1
DA:335,1
DA:336,1
DA:338,1
DA:339,2
DA:340,2
DA:346,1
DA:348,2
DA:349,2
DA:350,2
DA:353,2
DA:354,1
DA:355,1
DA:359,1
DA:364,2
DA:365,2
DA:366,2
DA:367,2
DA:368,4
DA:369,4
DA:372,4
DA:373,4
DA:374,4
DA:375,4
DA:378,2
DA:379,2
DA:381,2
DA:384,2
DA:386,2
DA:387,2
DA:391,8
DA:394,2
DA:397,4
DA:400,6
DA:403,3
DA:404,13
DA:407,1
DA:408,7
DA:413,2
DA:414,4
DA:415,4
DA:416,2
DA:418,2
DA:420,3
DA:422,0
DA:430,2
DA:431,4
DA:432,2
DA:433,2
DA:435,3
DA:437,0
DA:447,3
DA:453,18
DA:454,6
DA:455,3
DA:457,3
DA:460,3
DA:461,1
DA:462,1
DA:463,2
DA:464,2
DA:466,1
DA:469,6
DA:479,2
DA:489,1
DA:490,4
DA:492,2
DA:493,6
DA:504,2
DA:507,5
DA:508,1
DA:509,1
DA:510,1
DA:511,2
DA:512,0
DA:513,0
DA:514,0
DA:515,0
DA:518,3
DA:531,2
DA:540,6
DA:541,2
DA:543,4
DA:545,2
DA:558,2
DA:561,6
DA:566,1
DA:572,3
DA:578,2
DA:579,3
DA:580,2
DA:581,1
DA:588,6
DA:591,6
DA:594,2
DA:595,14
DA:599,1
DA:604,3
DA:605,2
DA:606,2
DA:607,3
DA:608,1
DA:613,1
DA:614,2
DA:615,2
DA:616,1
DA:618,1
DA:620,0
DA:622,0
DA:630,1
DA:631,2
DA:632,1
DA:633,1
DA:635,0
DA:637,0
DA:646,1
DA:648,1
DA:649,1
DA:650,2
DA:651,2
DA:654,1
DA:657,0
DA:666,1
DA:668,1
DA:669,1
DA:670,2
DA:671,1
DA:673,0
DA:681,1
DA:683,1
DA:684,1
DA:685,1
DA:686,1
DA:687,2
DA:688,1
DA:689,2
DA:690,2
DA:693,1
DA:695,0
LF:294
LH:228
end_of_record
SF:lib/screens/messages_screen.dart
DA:11,1
DA:13,2
DA:15,2
DA:16,2
DA:17,2
DA:18,2
DA:20,2
DA:21,2
DA:22,2
DA:26,0
DA:27,0
DA:28,0
DA:29,0
DA:30,0
DA:32,0
DA:33,0
DA:34,0
DA:35,0
DA:37,0
DA:38,0
DA:39,0
DA:44,0
DA:50,0
DA:51,0
DA:54,0
DA:56,0
DA:58,0
DA:59,0
LF:28
LH:9
end_of_record
SF:lib/data/sample_events.dart
DA:3,6
DA:4,2
DA:11,2
DA:17,2
DA:23,2
DA:29,2
DA:35,2
DA:41,2
DA:48,2
DA:54,2
DA:60,2
DA:66,2
DA:72,2
DA:78,2
DA:84,2
DA:90,2
DA:97,2
DA:103,2
DA:110,2
DA:116,2
DA:123,2
DA:129,2
DA:136,2
DA:142,2
DA:149,2
DA:155,2
DA:162,2
DA:168,2
DA:175,2
DA:181,2
DA:188,2
DA:194,2
DA:201,2
DA:207,2
DA:214,2
DA:220,2
DA:227,2
DA:233,2
DA:240,2
DA:246,2
DA:253,2
LF:41
LH:41
end_of_record
SF:lib/models/event.dart
DA:13,4
DA:26,1
DA:27,12
LF:3
LH:3
end_of_record
SF:lib/models/announcement.dart
DA:12,1
DA:20,1
DA:23,2
DA:25,2
DA:26,2
DA:28,1
DA:29,2
DA:31,1
DA:32,1
DA:36,1
DA:39,1
DA:41,1
DA:42,1
DA:69,3
DA:72,1
DA:73,2
DA:76,0
DA:77,0
DA:79,4
DA:92,1
DA:93,2
DA:94,2
DA:96,2
DA:101,1
DA:102,1
DA:103,3
DA:106,1
DA:108,2
DA:111,2
DA:112,4
DA:113,6
DA:114,8
DA:115,8
DA:116,6
DA:117,8
DA:118,8
DA:119,4
LF:37
LH:35
end_of_record
SF:lib/models/committee_member.dart
DA:6,1
DA:12,1
DA:13,1
DA:14,1
DA:15,1
DA:16,1
DA:20,1
DA:21,4
LF:8
LH:8
end_of_record
SF:lib/models/society.dart
DA:42,2
DA:43,2
DA:44,2
DA:45,2
DA:46,2
DA:47,2
DA:52,6
DA:65,1
DA:72,1
DA:73,1
DA:74,1
DA:75,1
DA:76,1
DA:77,1
LF:14
LH:14
end_of_record
SF:lib/services/society_service.dart
DA:9,10
DA:13,2
DA:14,2
DA:20,1
DA:22,1
DA:23,1
DA:24,1
DA:25,3
DA:26,1
DA:27,1
DA:28,1
DA:29,1
DA:30,1
DA:31,1
DA:33,1
DA:35,0
DA:36,0
DA:46,2
DA:48,2
DA:49,2
DA:50,4
DA:51,4
DA:54,2
DA:57,0
DA:68,2
DA:70,2
DA:71,2
DA:72,4
DA:73,2
DA:75,0
DA:85,2
DA:87,2
DA:88,2
DA:89,2
DA:90,2
DA:91,8
DA:93,0
DA:94,0
LF:38
LH:32
end_of_record
SF:lib/screens/member_approval_screen.dart
DA:10,0
DA:11,0
DA:13,0
DA:14,0
DA:18,0
DA:20,0
DA:21,0
DA:22,0
DA:23,0
DA:24,0
DA:25,0
DA:26,0
DA:27,0
DA:29,0
DA:34,0
DA:38,0
DA:40,0
DA:41,0
DA:42,0
DA:43,0
DA:44,0
DA:46,0
DA:48,0
DA:49,0
DA:50,0
DA:51,0
DA:53,0
DA:55,0
DA:57,0
DA:58,0
DA:59,0
DA:60,0
DA:61,0
DA:63,0
DA:64,0
DA:67,0
DA:72,0
DA:74,0
DA:75,0
LF:39
LH:0
end_of_record
SF:lib/screens/society_chat_screen.dart
DA:14,0
DA:16,0
DA:17,0
DA:25,0
DA:26,0
DA:27,0
DA:29,0
DA:30,0
DA:31,0
DA:32,0
DA:34,0
DA:37,0
DA:38,0
DA:39,0
DA:40,0
DA:41,0
DA:44,0
DA:45,0
DA:48,0
DA:49,0
DA:50,0
DA:51,0
DA:56,0
DA:58,0
DA:59,0
DA:60,0
DA:63,0
DA:65,0
DA:66,0
DA:68,0
DA:69,0
DA:70,0
DA:71,0
DA:72,0
DA:73,0
DA:74,0
DA:75,0
DA:76,0
DA:77,0
DA:78,0
DA:79,0
DA:80,0
DA:81,0
DA:82,0
DA:85,0
DA:89,0
DA:90,0
DA:97,0
DA:98,0
DA:99,0
DA:100,0
DA:107,0
DA:108,0
DA:109,0
DA:110,0
DA:111,0
DA:112,0
DA:114,0
DA:115,0
DA:116,0
DA:120,0
DA:122,0
DA:126,0
DA:127,0
DA:129,0
DA:134,0
DA:138,0
DA:139,0
DA:140,0
DA:141,0
DA:142,0
DA:144,0
DA:145,0
DA:148,0
DA:150,0
DA:151,0
DA:153,0
DA:161,0
DA:163,0
DA:170,0
DA:172,0
DA:176,0
DA:194,0
DA:196,0
DA:208,0
DA:209,0
DA:211,0
DA:212,0
DA:213,0
DA:214,0
DA:215,0
DA:220,0
DA:224,0
DA:226,0
DA:227,0
LF:95
LH:0
end_of_record
SF:lib/screens/sign_in_screen.dart
DA:12,2
DA:14,4
DA:15,4
DA:34,4
DA:36,4
DA:38,8
DA:41,4
DA:43,8
DA:46,8
DA:48,8
DA:51,8
DA:54,4
DA:56,8
DA:57,8
DA:58,8
DA:59,4
DA:64,0
DA:65,0
DA:67,0
DA:68,0
DA:69,0
DA:70,0
DA:77,0
DA:78,0
DA:79,0
DA:80,0
DA:82,0
DA:83,0
DA:85,0
DA:93,4
DA:95,4
DA:96,4
DA:97,4
DA:98,4
DA:99,4
DA:100,4
DA:101,4
DA:102,4
DA:103,4
DA:104,8
DA:105,8
DA:109,4
DA:110,4
DA:111,4
DA:113,4
DA:115,4
DA:116,4
DA:117,4
DA:119,4
DA:131,4
DA:132,4
DA:134,0
DA:135,0
DA:138,0
DA:143,4
DA:149,4
DA:150,4
DA:151,4
DA:152,0
DA:153,0
DA:158,8
DA:159,4
DA:160,4
DA:161,4
DA:165,0
DA:166,0
DA:167,0
DA:177,4
DA:179,4
DA:180,4
DA:182,0
DA:183,0
DA:184,0
DA:187,4
DA:202,4
DA:203,0
DA:204,0
DA:208,0
DA:212,0
DA:223,4
DA:224,0
DA:225,0
DA:226,0
DA:227,0
DA:240,4
DA:242,4
DA:247,0
DA:248,0
DA:249,0
DA:250,0
DA:255,4
DA:263,4
DA:264,4
DA:287,4
DA:288,4
DA:292,8
LF:96
LH:60
end_of_record
SF:lib/main_tabs.dart
DA:11,1
DA:13,1
DA:14,1
DA:28,1
DA:30,2
DA:31,1
DA:32,3
DA:33,1
DA:34,1
DA:35,1
DA:36,1
DA:37,1
DA:43,1
DA:44,1
DA:45,4
DA:46,1
DA:47,1
LF:17
LH:17
end_of_record
SF:lib/screens/feed_screen.dart
DA:18,0
DA:31,0
DA:53,0
DA:66,0
DA:68,0
DA:69,0
DA:76,0
DA:78,0
DA:79,0
DA:82,0
DA:83,0
DA:84,0
DA:85,0
DA:86,0
DA:87,0
DA:90,0
DA:92,0
DA:94,0
DA:96,0
DA:98,0
DA:100,0
DA:101,0
DA:103,0
DA:104,0
DA:105,0
DA:106,0
DA:111,0
DA:112,0
DA:118,0
DA:119,0
DA:123,0
DA:124,0
DA:126,0
DA:127,0
DA:131,0
DA:135,0
DA:136,0
DA:137,0
DA:139,0
DA:140,0
DA:142,0
DA:143,0
DA:144,0
DA:146,0
DA:147,0
DA:148,0
DA:152,0
DA:154,0
DA:156,0
DA:158,0
DA:159,0
DA:160,0
DA:162,0
DA:171,0
DA:172,0
DA:174,0
DA:175,0
DA:176,0
DA:181,0
DA:182,0
DA:183,0
DA:185,0
DA:187,0
DA:188,0
DA:191,0
DA:193,0
DA:195,0
DA:196,0
DA:197,0
DA:199,0
DA:209,0
DA:211,0
DA:212,0
DA:213,0
DA:218,0
DA:219,0
DA:220,0
DA:222,0
DA:225,0
DA:232,0
DA:233,0
DA:234,0
DA:237,0
DA:238,0
DA:240,0
DA:242,0
DA:243,0
DA:245,0
DA:246,0
DA:247,0
DA:249,0
DA:251,0
DA:252,0
DA:255,0
DA:256,0
DA:257,0
DA:263,0
DA:264,0
DA:265,0
DA:267,0
DA:273,0
DA:274,0
DA:281,0
DA:282,0
DA:283,0
DA:287,0
DA:288,0
DA:289,0
DA:290,0
DA:291,0
DA:292,0
DA:295,0
DA:300,0
DA:301,0
DA:312,0
DA:313,0
DA:314,0
DA:316,0
DA:317,0
DA:320,0
DA:323,0
DA:342,2
DA:344,1
DA:345,1
DA:350,1
DA:354,0
DA:355,0
DA:357,0
DA:360,0
DA:361,0
DA:362,0
DA:363,0
DA:364,0
DA:366,0
DA:373,0
DA:374,0
DA:375,0
DA:377,0
DA:378,0
DA:384,0
DA:386,0
DA:389,0
DA:392,0
DA:393,0
DA:394,0
DA:395,0
DA:396,0
DA:398,0
DA:404,1
DA:406,1
DA:407,1
DA:408,1
DA:409,1
DA:410,1
DA:411,1
DA:412,2
DA:413,1
DA:415,0
DA:416,1
DA:417,1
DA:418,1
DA:420,1
DA:432,0
DA:433,0
DA:435,0
DA:440,0
DA:442,0
DA:443,0
DA:446,0
DA:449,0
DA:452,0
DA:457,0
DA:458,0
DA:459,0
DA:460,0
DA:462,0
DA:463,0
DA:465,0
DA:466,0
DA:469,0
DA:472,0
DA:473,0
DA:476,0
DA:477,0
DA:478,0
DA:485,0
DA:491,0
DA:493,0
DA:494,0
DA:495,0
DA:497,0
DA:499,0
DA:502,0
DA:503,0
DA:504,0
DA:506,0
DA:508,0
DA:509,0
DA:510,0
DA:511,0
DA:512,0
DA:516,0
DA:517,0
DA:519,0
DA:522,0
DA:523,0
DA:529,0
DA:530,0
DA:531,0
DA:532,0
DA:533,0
DA:534,0
DA:537,0
DA:538,0
DA:539,0
DA:540,0
DA:541,0
DA:542,0
DA:545,0
DA:549,0
DA:551,0
DA:552,0
DA:556,0
DA:557,0
DA:558,0
DA:563,0
DA:564,0
DA:565,0
DA:566,0
DA:567,0
DA:569,0
DA:570,0
DA:574,0
DA:575,0
DA:576,0
DA:577,0
DA:579,0
DA:580,0
DA:585,0
DA:586,0
DA:587,0
DA:611,1
DA:613,0
DA:614,0
DA:623,0
DA:625,0
DA:626,0
DA:627,0
DA:628,0
DA:631,0
DA:633,0
DA:635,0
DA:636,0
DA:637,0
DA:638,0
DA:640,0
DA:641,0
DA:642,0
DA:644,0
DA:645,0
DA:651,0
DA:652,0
DA:654,0
DA:655,0
DA:661,0
DA:662,0
DA:666,0
DA:667,0
DA:677,0
DA:678,0
DA:679,0
DA:682,0
DA:683,0
DA:684,0
DA:685,0
DA:686,0
DA:687,0
DA:688,0
DA:689,0
DA:703,0
DA:705,0
DA:706,0
DA:717,0
DA:719,0
DA:720,0
DA:723,0
DA:725,0
DA:726,0
DA:727,0
DA:731,0
DA:732,0
DA:733,0
DA:734,0
DA:735,0
DA:741,0
DA:745,0
DA:747,0
DA:748,0
DA:749,0
DA:751,0
DA:753,0
DA:758,0
DA:760,0
DA:762,0
DA:763,0
DA:764,0
DA:765,0
DA:767,0
DA:768,0
DA:769,0
DA:771,0
DA:772,0
DA:773,0
DA:774,0
DA:775,0
DA:778,0
DA:779,0
DA:781,0
DA:784,0
DA:785,0
DA:787,0
DA:788,0
DA:794,0
DA:795,0
DA:799,0
DA:800,0
DA:807,0
DA:808,0
DA:809,0
DA:813,0
DA:814,0
DA:815,0
DA:820,0
DA:821,0
DA:824,0
DA:826,0
DA:834,0
DA:835,0
DA:836,0
DA:839,0
DA:840,0
DA:841,0
DA:843,0
DA:844,0
DA:845,0
DA:846,0
DA:847,0
DA:849,0
DA:850,0
DA:851,0
DA:852,0
DA:853,0
DA:854,0
LF:353
LH:18
end_of_record
SF:lib/screens/society_browser_screen.dart
DA:11,1
DA:13,2
DA:14,2
DA:22,2
DA:26,2
DA:27,4
DA:28,5
DA:29,2
DA:31,3
DA:32,3
DA:34,1
DA:36,2
DA:39,2
DA:41,2
DA:42,2
DA:44,2
DA:45,2
DA:46,2
DA:47,2
DA:48,2
DA:49,2
DA:50,1
DA:51,3
DA:54,2
DA:55,2
DA:56,2
DA:57,4
DA:58,2
DA:59,2
DA:61,2
DA:63,2
DA:65,2
DA:67,2
DA:68,2
DA:70,2
DA:71,0
DA:72,0
DA:75,2
DA:76,2
DA:77,1
DA:78,2
DA:79,0
DA:80,0
DA:90,2
DA:91,2
DA:92,0
DA:93,0
DA:95,2
DA:96,2
DA:98,4
DA:99,2
DA:101,2
DA:102,2
DA:108,2
DA:109,2
DA:110,2
DA:119,1
DA:123,1
DA:124,1
DA:125,1
DA:126,1
DA:127,1
DA:132,1
DA:133,2
DA:134,2
DA:136,0
DA:137,0
DA:139,0
DA:140,0
DA:141,0
DA:164,2
DA:166,2
DA:168,2
DA:170,2
DA:171,2
DA:174,4
DA:178,2
LF:77
LH:66
end_of_record
SF:lib/screens/saved_events_screen.dart
DA:11,2
DA:13,1
DA:15,1
DA:16,1
DA:17,1
DA:18,1
DA:23,2
DA:24,3
DA:25,1
DA:29,1
DA:31,2
DA:33,1
DA:37,1
DA:38,1
DA:39,1
DA:40,1
DA:41,2
DA:42,1
DA:45,1
DA:47,1
DA:49,0
DA:50,0
DA:51,0
DA:53,0
DA:54,0
DA:57,0
DA:62,1
DA:64,1
DA:66,1
DA:67,1
DA:72,1
DA:80,1
DA:81,2
DA:82,1
DA:84,1
DA:85,1
DA:86,1
DA:92,2
DA:93,1
DA:94,1
DA:101,2
LF:41
LH:35
end_of_record
SF:lib/screens/profile_screen.dart
DA:12,2
DA:14,1
DA:16,1
DA:19,1
DA:28,1
DA:32,0
DA:33,0
DA:36,1
DA:37,2
DA:40,1
DA:41,1
DA:42,1
DA:43,1
DA:45,1
DA:46,1
DA:48,3
DA:49,1
DA:59,1
DA:64,1
DA:69,1
DA:70,1
DA:73,0
DA:74,0
DA:75,0
DA:76,0
DA:78,0
DA:84,0
DA:92,1
DA:93,1
DA:96,0
DA:97,0
DA:98,0
DA:99,0
DA:101,0
DA:102,0
DA:105,0
DA:106,0
DA:107,0
DA:108,0
DA:111,0
DA:112,0
LF:41
LH:21
end_of_record
SF:lib/screens/committee_sign_in_screen.dart
DA:11,1
DA:13,1
DA:14,1
DA:27,1
DA:29,2
DA:30,2
DA:31,1
DA:36,1
DA:37,3
DA:39,3
DA:40,3
DA:42,2
DA:43,1
DA:44,2
DA:52,2
DA:53,1
DA:54,1
DA:55,2
DA:65,0
DA:67,0
DA:68,0
DA:70,0
DA:72,0
DA:73,0
DA:76,0
DA:77,0
DA:79,0
DA:84,0
DA:85,0
DA:86,0
DA:87,0
DA:92,1
DA:94,1
DA:95,1
DA:98,1
DA:100,0
DA:103,1
DA:113,1
DA:114,1
DA:116,1
DA:117,1
DA:119,1
DA:120,1
DA:121,1
DA:123,1
DA:147,1
DA:148,1
DA:150,1
DA:151,1
DA:156,1
DA:160,1
DA:161,1
DA:170,1
DA:171,1
DA:172,1
DA:173,1
DA:174,1
DA:179,1
DA:183,1
DA:184,1
DA:185,1
DA:189,0
DA:190,0
DA:191,0
DA:195,1
DA:196,1
DA:205,1
DA:207,1
DA:208,1
DA:210,1
DA:211,3
DA:212,1
DA:215,1
DA:224,1
DA:225,1
DA:229,1
DA:233,1
DA:234,1
LF:78
LH:61
end_of_record
SF:lib/services/auth_service.dart
DA:13,0
DA:15,0
DA:21,0
DA:31,1
DA:33,1
DA:34,1
DA:39,3
DA:47,0
DA:48,0
DA:57,1
DA:59,1
DA:61,3
LF:12
LH:7
end_of_record
SF:lib/screens/contact_info_screen.dart
DA:13,0
DA:15,0
DA:16,0
DA:22,0
DA:24,0
DA:25,0
DA:26,0
DA:31,0
DA:32,0
DA:33,0
DA:34,0
DA:35,0
DA:38,0
DA:39,0
DA:45,0
DA:46,0
DA:47,0
DA:48,0
DA:51,0
DA:52,0
DA:58,0
DA:59,0
DA:60,0
DA:64,0
DA:66,0
DA:67,0
DA:68,0
DA:70,0
DA:72,0
DA:78,0
DA:79,0
DA:80,0
DA:81,0
DA:82,0
DA:83,0
DA:84,0
DA:86,0
DA:87,0
DA:88,0
DA:90,0
DA:91,0
DA:93,0
DA:94,0
DA:95,0
DA:96,0
DA:101,0
DA:103,0
DA:105,0
DA:107,0
DA:117,0
DA:118,0
DA:119,0
DA:120,0
DA:123,0
DA:124,0
DA:128,0
DA:131,0
DA:146,0
DA:148,0
DA:149,0
DA:157,0
DA:159,0
DA:160,0
DA:161,0
DA:162,0
DA:165,0
DA:167,0
DA:168,0
DA:169,0
DA:170,0
DA:173,0
DA:175,0
DA:176,0
DA:177,0
DA:181,0
DA:182,0
DA:183,0
DA:184,0
DA:185,0
DA:188,0
DA:189,0
DA:192,0
DA:193,0
DA:199,0
DA:200,0
DA:201,0
DA:204,0
DA:205,0
DA:206,0
DA:207,0
DA:208,0
DA:209,0
DA:211,0
LF:93
LH:0
end_of_record
SF:lib/screens/event_detail_screen.dart
DA:12,0
DA:14,0
DA:15,0
DA:16,0
DA:17,0
DA:18,0
DA:19,0
DA:20,0
DA:24,0
DA:25,0
DA:26,0
DA:27,0
DA:28,0
DA:29,0
DA:30,0
DA:46,0
DA:51,0
DA:53,0
DA:54,0
DA:60,0
DA:62,0
DA:63,0
DA:68,0
DA:69,0
DA:71,0
DA:72,0
DA:73,0
DA:74,0
DA:75,0
DA:76,0
DA:79,0
DA:84,0
DA:86,0
DA:87,0
DA:89,0
DA:90,0
DA:91,0
DA:92,0
DA:97,0
DA:99,0
DA:100,0
DA:105,0
DA:106,0
DA:108,0
DA:117,0
DA:118,0
DA:119,0
DA:122,0
DA:124,0
DA:125,0
DA:126,0
DA:127,0
DA:130,0
DA:131,0
DA:132,0
DA:133,0
DA:137,0
DA:138,0
DA:139,0
DA:141,0
DA:146,0
DA:147,0
DA:148,0
DA:153,0
DA:155,0
DA:156,0
DA:157,0
DA:158,0
DA:160,0
DA:161,0
DA:162,0
DA:164,0
DA:166,0
DA:167,0
DA:168,0
DA:172,0
DA:173,0
DA:174,0
DA:183,0
DA:185,0
DA:186,0
DA:189,0
DA:190,0
DA:194,0
DA:195,0
DA:198,0
DA:204,0
DA:206,0
DA:210,0
DA:211,0
DA:219,0
DA:225,0
DA:227,0
DA:229,0
DA:232,0
DA:234,0
LF:96
LH:0
end_of_record
SF:lib/utils/society_image_mapper.dart
DA:2,1
DA:3,2
DA:33,1
LF:3
LH:3
end_of_record
SF:lib/screens/register_screen.dart
DA:10,2
DA:12,1
DA:13,1
DA:29,1
DA:31,1
DA:32,2
DA:35,1
DA:37,2
DA:40,2
DA:42,2
DA:45,2
DA:48,1
DA:50,2
DA:51,2
DA:52,2
DA:53,2
DA:54,1
DA:59,1
DA:60,3
DA:61,3
DA:63,1
DA:64,3
DA:65,3
DA:66,3
DA:70,1
DA:75,1
DA:76,3
DA:79,1
DA:81,2
DA:89,0
DA:90,0
DA:91,0
DA:93,0
DA:97,0
DA:98,0
DA:100,0
DA:102,0
DA:103,0
DA:104,0
DA:109,1
DA:111,1
DA:112,1
DA:115,1
DA:117,0
DA:124,1
DA:125,1
DA:126,1
DA:127,1
DA:128,1
DA:129,1
DA:132,1
DA:133,2
DA:134,2
DA:138,1
DA:139,1
DA:141,1
DA:143,1
DA:144,1
DA:145,1
DA:147,1
DA:162,1
DA:163,1
DA:164,1
DA:165,1
DA:166,2
DA:169,3
DA:176,1
DA:177,1
DA:178,1
DA:180,1
DA:181,2
DA:184,1
DA:191,1
DA:192,1
DA:193,1
DA:194,2
DA:195,1
DA:196,1
DA:197,1
DA:201,0
DA:202,0
DA:203,0
DA:208,1
DA:209,2
DA:212,2
DA:219,1
DA:221,1
DA:222,1
DA:226,1
DA:227,1
DA:230,1
DA:232,2
DA:233,1
DA:263,1
DA:264,1
DA:268,2
LF:96
LH:82
end_of_record
SF:lib/screens/society_detail_screen.dart
DA:17,0
DA:18,0
DA:20,0
DA:22,0
DA:23,0
DA:24,0
DA:27,0
DA:29,0
DA:30,0
DA:31,0
DA:32,0
DA:35,0
DA:37,0
DA:39,0
DA:40,0
DA:41,0
DA:42,0
DA:44,0
DA:47,0
DA:54,0
DA:55,0
DA:57,0
DA:58,0
DA:60,0
DA:61,0
DA:72,0
DA:76,0
DA:77,0
DA:78,0
DA:80,0
DA:81,0
DA:84,0
DA:85,0
DA:87,0
DA:88,0
DA:89,0
DA:94,0
DA:96,0
DA:99,0
DA:100,0
DA:118,0
DA:119,0
DA:120,0
DA:122,0
DA:126,0
DA:129,0
DA:130,0
DA:131,0
DA:132,0
DA:133,0
DA:136,0
DA:139,0
DA:141,0
DA:143,0
DA:145,0
DA:146,0
DA:147,0
DA:149,0
DA:150,0
DA:153,0
DA:154,0
DA:160,0
DA:164,0
DA:167,0
DA:168,0
DA:173,0
DA:181,0
DA:182,0
DA:183,0
DA:186,0
DA:187,0
DA:188,0
DA:189,0
DA:196,0
DA:216,0
DA:219,0
DA:220,0
DA:223,0
DA:225,0
DA:226,0
DA:227,0
DA:228,0
DA:229,0
DA:231,0
DA:232,0
DA:237,0
DA:239,0
DA:240,0
DA:241,0
DA:242,0
DA:244,0
DA:245,0
DA:246,0
DA:247,0
DA:248,0
DA:249,0
DA:272,0
DA:273,0
DA:274,0
DA:275,0
DA:277,0
DA:279,0
DA:281,0
DA:284,0
DA:285,0
DA:287,0
DA:289,0
DA:294,0
DA:295,0
DA:298,0
DA:299,0
DA:303,0
DA:314,0
DA:315,0
DA:316,0
DA:317,0
DA:320,0
DA:321,0
DA:322,0
DA:331,0
DA:332,0
DA:333,0
DA:334,0
DA:337,0
DA:338,0
DA:339,0
DA:343,0
DA:360,0
DA:361,0
DA:362,0
DA:363,0
DA:364,0
DA:365,0
DA:366,0
DA:369,0
DA:371,0
DA:372,0
DA:373,0
DA:374,0
DA:376,0
DA:377,0
DA:379,0
DA:381,0
DA:382,0
DA:388,0
DA:393,0
DA:400,0
DA:405,0
DA:411,0
DA:416,0
DA:417,0
DA:418,0
DA:419,0
DA:421,0
DA:427,0
DA:428,0
DA:429,0
DA:431,0
DA:432,0
DA:433,0
DA:438,0
DA:443,0
DA:446,0
DA:455,0
DA:456,0
DA:457,0
DA:458,0
DA:460,0
DA:466,0
DA:467,0
DA:468,0
DA:470,0
DA:473,0
DA:474,0
DA:475,0
DA:479,0
DA:480,0
DA:482,0
DA:489,0
DA:490,0
DA:492,0
DA:498,0
DA:499,0
DA:500,0
DA:502,0
DA:505,0
DA:506,0
DA:507,0
DA:511,0
DA:512,0
DA:514,0
DA:526,0
DA:527,0
DA:528,0
DA:531,0
DA:532,0
DA:533,0
DA:535,0
DA:536,0
DA:537,0
DA:538,0
DA:540,0
DA:541,0
DA:542,0
DA:544,0
DA:545,0
DA:549,0
DA:561,0
DA:562,0
DA:563,0
DA:564,0
DA:565,0
DA:566,0
LF:213
LH:0
end_of_record
